Flow report for adc_mic_lcd
Fri Jun 02 12:19:13 2017
Quartus Prime Version 16.1.0 Build 196 10/24/2016 SJ Lite Edition


---------------------
; Table of Contents ;
---------------------
  1. Legal Notice
  2. Flow Summary
  3. Flow Settings
  4. Flow Non-Default Global Settings
  5. Flow Elapsed Time
  6. Flow OS Summary
  7. Flow Log
  8. Flow Messages
  9. Flow Suppressed Messages



----------------
; Legal Notice ;
----------------
Copyright (C) 2016  Intel Corporation. All rights reserved.
Your use of Intel Corporation's design tools, logic functions 
and other software and tools, and its AMPP partner logic 
functions, and any output files from any of the foregoing 
(including device programming or simulation files), and any 
associated documentation or information are expressly subject 
to the terms and conditions of the Intel Program License 
Subscription Agreement, the Intel Quartus Prime License Agreement,
the Intel MegaCore Function License Agreement, or other 
applicable license agreement, including, without limitation, 
that your use is for the sole purpose of programming logic 
devices manufactured by Intel and sold by Intel or its 
authorized distributors.  Please refer to the applicable 
agreement for further details.



+----------------------------------------------------------------------------------+
; Flow Summary                                                                     ;
+------------------------------------+---------------------------------------------+
; Flow Status                        ; Successful - Fri Jun 02 12:19:08 2017       ;
; Quartus Prime Version              ; 16.1.0 Build 196 10/24/2016 SJ Lite Edition ;
; Revision Name                      ; adc_mic_lcd                                 ;
; Top-level Entity Name              ; adc_mic_lcd                                 ;
; Family                             ; MAX 10                                      ;
; Device                             ; 10M50DAF484C6GES                            ;
; Timing Models                      ; Preliminary                                 ;
; Total logic elements               ; 737 / 49,760 ( 1 % )                        ;
;     Total combinational functions  ; 673 / 49,760 ( 1 % )                        ;
;     Dedicated logic registers      ; 417 / 49,760 ( < 1 % )                      ;
; Total registers                    ; 417                                         ;
; Total pins                         ; 102 / 360 ( 28 % )                          ;
; Total virtual pins                 ; 0                                           ;
; Total memory bits                  ; 59,648 / 1,677,312 ( 4 % )                  ;
; Embedded Multiplier 9-bit elements ; 0 / 288 ( 0 % )                             ;
; Total PLLs                         ; 2 / 4 ( 50 % )                              ;
; UFM blocks                         ; 0 / 1 ( 0 % )                               ;
; ADC blocks                         ; 0 / 2 ( 0 % )                               ;
+------------------------------------+---------------------------------------------+


+-----------------------------------------+
; Flow Settings                           ;
+-------------------+---------------------+
; Option            ; Setting             ;
+-------------------+---------------------+
; Start date & time ; 06/02/2017 12:18:02 ;
; Main task         ; Compilation         ;
; Revision Name     ; adc_mic_lcd         ;
+-------------------+---------------------+


+---------------------------------------------------------------------------------------------------------------------------------------------+
; Flow Non-Default Global Settings                                                                                                            ;
+-------------------------------------+------------------------------------------------------------+---------------+-------------+------------+
; Assignment Name                     ; Value                                                      ; Default Value ; Entity Name ; Section Id ;
+-------------------------------------+------------------------------------------------------------+---------------+-------------+------------+
; COMPILER_SIGNATURE_ID               ; 107765168740670.149639868204800                            ; --            ; --          ; --         ;
; MAX_CORE_JUNCTION_TEMP              ; 85                                                         ; --            ; --          ; --         ;
; MIN_CORE_JUNCTION_TEMP              ; 0                                                          ; --            ; --          ; --         ;
; MISC_FILE                           ; adc_qsys/synthesis/../adc_qsys.cmp                         ; --            ; --          ; --         ;
; MISC_FILE                           ; adc_qsys/synthesis/../../adc_qsys.qsys                     ; --            ; --          ; --         ;
; OUTPUT_IO_TIMING_FAR_END_VMEAS      ; Half Signal Swing                                          ; --            ; --          ; --         ;
; OUTPUT_IO_TIMING_FAR_END_VMEAS      ; Half Signal Swing                                          ; --            ; --          ; --         ;
; OUTPUT_IO_TIMING_NEAR_END_VMEAS     ; Half Vccio                                                 ; --            ; --          ; --         ;
; OUTPUT_IO_TIMING_NEAR_END_VMEAS     ; Half Vccio                                                 ; --            ; --          ; --         ;
; PARTITION_COLOR                     ; -- (Not supported for targeted family)                     ; --            ; --          ; Top        ;
; PARTITION_FITTER_PRESERVATION_LEVEL ; -- (Not supported for targeted family)                     ; --            ; --          ; Top        ;
; PARTITION_NETLIST_TYPE              ; -- (Not supported for targeted family)                     ; --            ; --          ; Top        ;
; POWER_BOARD_THERMAL_MODEL           ; None (CONSERVATIVE)                                        ; --            ; --          ; --         ;
; POWER_PRESET_COOLING_SOLUTION       ; 23 MM HEAT SINK WITH 200 LFPM AIRFLOW                      ; --            ; --          ; --         ;
; PROJECT_OUTPUT_DIRECTORY            ; output_files                                               ; --            ; --          ; --         ;
; SLD_FILE                            ; adc_qsys/synthesis/adc_qsys.debuginfo                      ; --            ; --          ; --         ;
; SLD_INFO                            ; QSYS_NAME adc_qsys HAS_SOPCINFO 1 GENERATION_ID 1433315579 ; --            ; adc_qsys    ; --         ;
; SOPCINFO_FILE                       ; adc_qsys/synthesis/../../adc_qsys.sopcinfo                 ; --            ; --          ; --         ;
; SYNTHESIS_ONLY_QIP                  ; On                                                         ; --            ; --          ; --         ;
+-------------------------------------+------------------------------------------------------------+---------------+-------------+------------+


+-------------------------------------------------------------------------------------------------------------------------------+
; Flow Elapsed Time                                                                                                             ;
+---------------------------+--------------+-------------------------+---------------------+------------------------------------+
; Module Name               ; Elapsed Time ; Average Processors Used ; Peak Virtual Memory ; Total CPU Time (on all processors) ;
+---------------------------+--------------+-------------------------+---------------------+------------------------------------+
; Analysis & Synthesis      ; 00:00:38     ; 1.0                     ; 738 MB              ; 00:01:09                           ;
; Fitter                    ; 00:00:18     ; 1.1                     ; 1276 MB             ; 00:00:23                           ;
; Assembler                 ; 00:00:05     ; 1.0                     ; 572 MB              ; 00:00:05                           ;
; TimeQuest Timing Analyzer ; 00:00:04     ; 1.2                     ; 687 MB              ; 00:00:05                           ;
; Total                     ; 00:01:05     ; --                      ; --                  ; 00:01:42                           ;
+---------------------------+--------------+-------------------------+---------------------+------------------------------------+


+-----------------------------------------------------------------------------------------+
; Flow OS Summary                                                                         ;
+---------------------------+------------------+------------+------------+----------------+
; Module Name               ; Machine Hostname ; OS Name    ; OS Version ; Processor type ;
+---------------------------+------------------+------------+------------+----------------+
; Analysis & Synthesis      ; MacRe10a         ; Windows 10 ; 10.0       ; x86_64         ;
; Fitter                    ; MacRe10a         ; Windows 10 ; 10.0       ; x86_64         ;
; Assembler                 ; MacRe10a         ; Windows 10 ; 10.0       ; x86_64         ;
; TimeQuest Timing Analyzer ; MacRe10a         ; Windows 10 ; 10.0       ; x86_64         ;
+---------------------------+------------------+------------+------------+----------------+


------------
; Flow Log ;
------------
quartus_map --read_settings_files=on --write_settings_files=off adc_mic_lcd -c adc_mic_lcd
quartus_fit --read_settings_files=off --write_settings_files=off adc_mic_lcd -c adc_mic_lcd
quartus_asm --read_settings_files=off --write_settings_files=off adc_mic_lcd -c adc_mic_lcd
quartus_sta adc_mic_lcd -c adc_mic_lcd



