Flow report for Decay_Delay
Sun Oct 08 18:06:18 2017
Quartus Prime Version 17.0.0 Build 595 04/25/2017 SJ Lite Edition


---------------------
; Table of Contents ;
---------------------
  1. Legal Notice
  2. Flow Summary
  3. Flow Settings
  4. Flow Non-Default Global Settings
  5. Flow Elapsed Time
  6. Flow OS Summary
  7. Flow Log
  8. Flow Messages
  9. Flow Suppressed Messages



----------------
; Legal Notice ;
----------------
Copyright (C) 2017  Intel Corporation. All rights reserved.
Your use of Intel Corporation's design tools, logic functions 
and other software and tools, and its AMPP partner logic 
functions, and any output files from any of the foregoing 
(including device programming or simulation files), and any 
associated documentation or information are expressly subject 
to the terms and conditions of the Intel Program License 
Subscription Agreement, the Intel Quartus Prime License Agreement,
the Intel MegaCore Function License Agreement, or other 
applicable license agreement, including, without limitation, 
that your use is for the sole purpose of programming logic 
devices manufactured by Intel and sold by Intel or its 
authorized distributors.  Please refer to the applicable 
agreement for further details.



+----------------------------------------------------------------------------------+
; Flow Summary                                                                     ;
+------------------------------------+---------------------------------------------+
; Flow Status                        ; Successful - Sun Oct 08 18:06:18 2017       ;
; Quartus Prime Version              ; 17.0.0 Build 595 04/25/2017 SJ Lite Edition ;
; Revision Name                      ; Decay_Delay                                 ;
; Top-level Entity Name              ; KP_top                                      ;
; Family                             ; MAX 10                                      ;
; Device                             ; 10M50DAF484C6GES                            ;
; Timing Models                      ; Preliminary                                 ;
; Total logic elements               ; 5,677 / 49,760 ( 11 % )                     ;
;     Total combinational functions  ; 4,638 / 49,760 ( 9 % )                      ;
;     Dedicated logic registers      ; 3,410 / 49,760 ( 7 % )                      ;
; Total registers                    ; 3410                                        ;
; Total pins                         ; 59 / 360 ( 16 % )                           ;
; Total virtual pins                 ; 0                                           ;
; Total memory bits                  ; 614,400 / 1,677,312 ( 37 % )                ;
; Embedded Multiplier 9-bit elements ; 70 / 288 ( 24 % )                           ;
; Total PLLs                         ; 2 / 4 ( 50 % )                              ;
; UFM blocks                         ; 0 / 1 ( 0 % )                               ;
; ADC blocks                         ; 1 / 2 ( 50 % )                              ;
+------------------------------------+---------------------------------------------+


+-----------------------------------------+
; Flow Settings                           ;
+-------------------+---------------------+
; Option            ; Setting             ;
+-------------------+---------------------+
; Start date & time ; 10/08/2017 18:04:34 ;
; Main task         ; Compilation         ;
; Revision Name     ; Decay_Delay         ;
+-------------------+---------------------+


+------------------------------------------------------------------------------------------------------------------------------------------------------------------------------+
; Flow Non-Default Global Settings                                                                                                                                             ;
+-----------------------------------------+--------------------------------------------------------------+--------------------------------------+-------------+----------------+
; Assignment Name                         ; Value                                                        ; Default Value                        ; Entity Name ; Section Id     ;
+-----------------------------------------+--------------------------------------------------------------+--------------------------------------+-------------+----------------+
; ALM_REGISTER_PACKING_EFFORT             ; High                                                         ; Medium                               ; --          ; --             ;
; AUTO_RAM_TO_LCELL_CONVERSION            ; On                                                           ; Off                                  ; --          ; --             ;
; AUTO_RESOURCE_SHARING                   ; On                                                           ; Off                                  ; --          ; --             ;
; COMPILER_SIGNATURE_ID                   ; 184857106377073.150747867408032                              ; --                                   ; --          ; --             ;
; CYCLONEII_OPTIMIZATION_TECHNIQUE        ; Area                                                         ; Balanced                             ; --          ; --             ;
; EDA_OUTPUT_DATA_FORMAT                  ; Verilog Hdl                                                  ; --                                   ; --          ; eda_simulation ;
; EDA_SIMULATION_TOOL                     ; ModelSim-Altera (Verilog)                                    ; <None>                               ; --          ; --             ;
; MAX_CORE_JUNCTION_TEMP                  ; 85                                                           ; --                                   ; --          ; --             ;
; MIN_CORE_JUNCTION_TEMP                  ; 0                                                            ; --                                   ; --          ; --             ;
; MISC_FILE                               ; ram_4096_32bit_inst.v                                        ; --                                   ; --          ; --             ;
; MISC_FILE                               ; ram_4096_32bit_bb.v                                          ; --                                   ; --          ; --             ;
; MISC_FILE                               ; altclk_inst.v                                                ; --                                   ; --          ; --             ;
; MISC_FILE                               ; altclk_bb.v                                                  ; --                                   ; --          ; --             ;
; MISC_FILE                               ; altclk.ppf                                                   ; --                                   ; --          ; --             ;
; MISC_FILE                               ; altclk_syn.v                                                 ; --                                   ; --          ; --             ;
; MISC_FILE                               ; clock_buff/synthesis/../clock_buff.cmp                       ; --                                   ; --          ; --             ;
; MISC_FILE                               ; clock_buff/synthesis/../../clock_buff.qsys                   ; --                                   ; --          ; --             ;
; MISC_FILE                               ; ram_delay.bsf                                                ; --                                   ; --          ; --             ;
; MISC_FILE                               ; ram_delay_inst.v                                             ; --                                   ; --          ; --             ;
; MISC_FILE                               ; ram_delay_bb.v                                               ; --                                   ; --          ; --             ;
; MISC_FILE                               ; adcpll_inst.v                                                ; --                                   ; --          ; --             ;
; MISC_FILE                               ; adcpll_bb.v                                                  ; --                                   ; --          ; --             ;
; MISC_FILE                               ; adcpll.ppf                                                   ; --                                   ; --          ; --             ;
; NUM_PARALLEL_PROCESSORS                 ; All                                                          ; --                                   ; --          ; --             ;
; OPTIMIZATION_MODE                       ; Aggressive Area                                              ; Balanced                             ; --          ; --             ;
; OUTPUT_IO_TIMING_FAR_END_VMEAS          ; Half Signal Swing                                            ; --                                   ; --          ; --             ;
; OUTPUT_IO_TIMING_FAR_END_VMEAS          ; Half Signal Swing                                            ; --                                   ; --          ; --             ;
; OUTPUT_IO_TIMING_NEAR_END_VMEAS         ; Half Vccio                                                   ; --                                   ; --          ; --             ;
; OUTPUT_IO_TIMING_NEAR_END_VMEAS         ; Half Vccio                                                   ; --                                   ; --          ; --             ;
; PARTITION_COLOR                         ; -- (Not supported for targeted family)                       ; --                                   ; KP_top      ; Top            ;
; PARTITION_FITTER_PRESERVATION_LEVEL     ; -- (Not supported for targeted family)                       ; --                                   ; KP_top      ; Top            ;
; PARTITION_NETLIST_TYPE                  ; -- (Not supported for targeted family)                       ; --                                   ; KP_top      ; Top            ;
; PHYSICAL_SYNTHESIS_COMBO_LOGIC_FOR_AREA ; On                                                           ; Off                                  ; --          ; --             ;
; POWER_BOARD_THERMAL_MODEL               ; None (CONSERVATIVE)                                          ; --                                   ; --          ; --             ;
; POWER_PRESET_COOLING_SOLUTION           ; 23 MM HEAT SINK WITH 200 LFPM AIRFLOW                        ; --                                   ; --          ; --             ;
; PROJECT_IP_REGENERATION_POLICY          ; ALWAYS_REGENERATE_IP                                         ; SKIP_REGENERATING_IP_IF_HDL_MODIFIED ; --          ; --             ;
; PROJECT_OUTPUT_DIRECTORY                ; output_files                                                 ; --                                   ; --          ; --             ;
; REMOVE_REDUNDANT_LOGIC_CELLS            ; On                                                           ; Off                                  ; --          ; --             ;
; SAFE_STATE_MACHINE                      ; On                                                           ; Off                                  ; --          ; --             ;
; SLD_FILE                                ; clock_buff/synthesis/clock_buff.debuginfo                    ; --                                   ; --          ; --             ;
; SLD_INFO                                ; QSYS_NAME clock_buff HAS_SOPCINFO 1 GENERATION_ID 1506332063 ; --                                   ; clock_buff  ; --             ;
; SOPCINFO_FILE                           ; clock_buff/synthesis/../../clock_buff.sopcinfo               ; --                                   ; --          ; --             ;
; SYNTHESIS_ONLY_QIP                      ; On                                                           ; --                                   ; --          ; --             ;
; TOP_LEVEL_ENTITY                        ; KP_top                                                       ; Decay_Delay                          ; --          ; --             ;
+-----------------------------------------+--------------------------------------------------------------+--------------------------------------+-------------+----------------+


+-------------------------------------------------------------------------------------------------------------------------------+
; Flow Elapsed Time                                                                                                             ;
+---------------------------+--------------+-------------------------+---------------------+------------------------------------+
; Module Name               ; Elapsed Time ; Average Processors Used ; Peak Virtual Memory ; Total CPU Time (on all processors) ;
+---------------------------+--------------+-------------------------+---------------------+------------------------------------+
; Analysis & Synthesis      ; 00:00:38     ; 1.0                     ; 753 MB              ; 00:01:24                           ;
; Fitter                    ; 00:00:44     ; 1.4                     ; 1678 MB             ; 00:01:22                           ;
; Assembler                 ; 00:00:04     ; 1.0                     ; 598 MB              ; 00:00:04                           ;
; TimeQuest Timing Analyzer ; 00:00:08     ; 2.2                     ; 763 MB              ; 00:00:15                           ;
; EDA Netlist Writer        ; 00:00:03     ; 1.0                     ; 620 MB              ; 00:00:03                           ;
; Total                     ; 00:01:37     ; --                      ; --                  ; 00:03:08                           ;
+---------------------------+--------------+-------------------------+---------------------+------------------------------------+


+-----------------------------------------------------------------------------------------+
; Flow OS Summary                                                                         ;
+---------------------------+------------------+------------+------------+----------------+
; Module Name               ; Machine Hostname ; OS Name    ; OS Version ; Processor type ;
+---------------------------+------------------+------------+------------+----------------+
; Analysis & Synthesis      ; MiniWini         ; Windows 10 ; 10.0       ; x86_64         ;
; Fitter                    ; MiniWini         ; Windows 10 ; 10.0       ; x86_64         ;
; Assembler                 ; MiniWini         ; Windows 10 ; 10.0       ; x86_64         ;
; TimeQuest Timing Analyzer ; MiniWini         ; Windows 10 ; 10.0       ; x86_64         ;
; EDA Netlist Writer        ; MiniWini         ; Windows 10 ; 10.0       ; x86_64         ;
+---------------------------+------------------+------------+------------+----------------+


------------
; Flow Log ;
------------
quartus_map --read_settings_files=on --write_settings_files=off Karplus -c Decay_Delay
quartus_fit --read_settings_files=off --write_settings_files=off Karplus -c Decay_Delay
quartus_asm --read_settings_files=off --write_settings_files=off Karplus -c Decay_Delay
quartus_sta Karplus -c Decay_Delay
quartus_eda --read_settings_files=off --write_settings_files=off Karplus -c Decay_Delay



